[2021-05-08 19:19:50] production.ERROR: Connection could not be established with host YOUR_SMTP_HOST_NAME :stream_socket_client(): php_network_getaddresses: getaddrinfo failed: Name or service not known {"exception":"[object] (Swift_TransportException(code: 0): Connection could not be established with host YOUR_SMTP_HOST_NAME :stream_socket_client(): php_network_getaddresses: getaddrinfo failed: Name or service not known at /home/xgenxchi/public_html/laravel/neateller/@core/vendor/swiftmailer/swiftmailer/lib/classes/Swift/Transport/StreamBuffer.php:261)
[stacktrace]
#0 [internal function]: Swift_Transport_StreamBuffer->{closure}(2, 'stream_socket_c...', '/home/xgenxchi/...', 264, Array)
#1 /home/xgenxchi/public_html/laravel/neateller/@core/vendor/swiftmailer/swiftmailer/lib/classes/Swift/Transport/StreamBuffer.php(264): stream_socket_client('your_smtp_encri...', 0, 'php_network_get...', 30, 4, Resource id #141)
#2 /home/xgenxchi/public_html/laravel/neateller/@core/vendor/swiftmailer/swiftmailer/lib/classes/Swift/Transport/StreamBuffer.php(58): Swift_Transport_StreamBuffer->establishSocketConnection()
#3 /home/xgenxchi/public_html/laravel/neateller/@core/vendor/swiftmailer/swiftmailer/lib/classes/Swift/Transport/AbstractSmtpTransport.php(143): Swift_Transport_StreamBuffer->initialize(Array)
#4 /home/xgenxchi/public_html/laravel/neateller/@core/vendor/swiftmailer/swiftmailer/lib/classes/Swift/Mailer.php(65): Swift_Transport_AbstractSmtpTransport->start()
#5 /home/xgenxchi/public_html/laravel/neateller/@core/vendor/laravel/framework/src/Illuminate/Mail/Mailer.php(521): Swift_Mailer->send(Object(Swift_Message), Array)
#6 /home/xgenxchi/public_html/laravel/neateller/@core/vendor/laravel/framework/src/Illuminate/Mail/Mailer.php(288): Illuminate\\Mail\\Mailer->sendSwiftMessage(Object(Swift_Message))
#7 /home/xgenxchi/public_html/laravel/neateller/@core/vendor/laravel/framework/src/Illuminate/Mail/Mailable.php(186): Illuminate\\Mail\\Mailer->send('mail.contact', Array, Object(Closure))
#8 /home/xgenxchi/public_html/laravel/neateller/@core/vendor/laravel/framework/src/Illuminate/Support/Traits/Localizable.php(19): Illuminate\\Mail\\Mailable->Illuminate\\Mail\\{closure}()
#9 /home/xgenxchi/public_html/laravel/neateller/@core/vendor/laravel/framework/src/Illuminate/Mail/Mailable.php(187): Illuminate\\Mail\\Mailable->withLocale(NULL, Object(Closure))
#10 /home/xgenxchi/public_html/laravel/neateller/@core/vendor/laravel/framework/src/Illuminate/Mail/Mailer.php(304): Illuminate\\Mail\\Mailable->send(Object(Illuminate\\Mail\\Mailer))
#11 /home/xgenxchi/public_html/laravel/neateller/@core/vendor/laravel/framework/src/Illuminate/Mail/Mailer.php(258): Illuminate\\Mail\\Mailer->sendMailable(Object(App\\Mail\\ContactMessage))
#12 /home/xgenxchi/public_html/laravel/neateller/@core/vendor/laravel/framework/src/Illuminate/Mail/PendingMail.php(121): Illuminate\\Mail\\Mailer->send(Object(App\\Mail\\ContactMessage))
#13 /home/xgenxchi/public_html/laravel/neateller/@core/app/Http/Controllers/FrontendFormController.php(74): Illuminate\\Mail\\PendingMail->send(Object(App\\Mail\\ContactMessage))
#14 /home/xgenxchi/public_html/laravel/neateller/@core/vendor/laravel/framework/src/Illuminate/Routing/Controller.php(54): App\\Http\\Controllers\\FrontendFormController->send_contact_message(Object(Illuminate\\Http\\Request))
#15 /home/xgenxchi/public_html/laravel/neateller/@core/vendor/laravel/framework/src/Illuminate/Routing/ControllerDispatcher.php(45): Illuminate\\Routing\\Controller->callAction('send_contact_me...', Array)
#16 /home/xgenxchi/public_html/laravel/neateller/@core/vendor/laravel/framework/src/Illuminate/Routing/Route.php(254): Illuminate\\Routing\\ControllerDispatcher->dispatch(Object(Illuminate\\Routing\\Route), Object(App\\Http\\Controllers\\FrontendFormController), 'send_contact_me...')
#17 /home/xgenxchi/public_html/laravel/neateller/@core/vendor/laravel/framework/src/Illuminate/Routing/Route.php(197): Illuminate\\Routing\\Route->runController()
#18 /home/xgenxchi/public_html/laravel/neateller/@core/vendor/laravel/framework/src/Illuminate/Routing/Router.php(695): Illuminate\\Routing\\Route->run()
#19 /home/xgenxchi/public_html/laravel/neateller/@core/vendor/laravel/framework/src/Illuminate/Pipeline/Pipeline.php(128): Illuminate\\Routing\\Router->Illuminate\\Routing\\{closure}(Object(Illuminate\\Http\\Request))
#20 /home/xgenxchi/public_html/laravel/neateller/@core/app/Http/Middleware/MaintainsMode.php(22): Illuminate\\Pipeline\\Pipeline->Illuminate\\Pipeline\\{closure}(Object(Illuminate\\Http\\Request))
#21 /home/xgenxchi/public_html/laravel/neateller/@core/vendor/laravel/framework/src/Illuminate/Pipeline/Pipeline.php(167): App\\Http\\Middleware\\MaintainsMode->handle(Object(Illuminate\\Http\\Request), Object(Closure))
#22 /home/xgenxchi/public_html/laravel/neateller/@core/app/Http/Middleware/GlobalVariableMiddleware.php(97): Illuminate\\Pipeline\\Pipeline->Illuminate\\Pipeline\\{closure}(Object(Illuminate\\Http\\Request))
#23 /home/xgenxchi/public_html/laravel/neateller/@core/vendor/laravel/framework/src/Illuminate/Pipeline/Pipeline.php(167): App\\Http\\Middleware\\GlobalVariableMiddleware->handle(Object(Illuminate\\Http\\Request), Object(Closure))
#24 /home/xgenxchi/public_html/laravel/neateller/@core/app/Http/Middleware/SetLang.php(28): Illuminate\\Pipeline\\Pipeline->Illuminate\\Pipeline\\{closure}(Object(Illuminate\\Http\\Request))
#25 /home/xgenxchi/public_html/laravel/neateller/@core/vendor/laravel/framework/src/Illuminate/Pipeline/Pipeline.php(167): App\\Http\\Middleware\\SetLang->handle(Object(Illuminate\\Http\\Request), Object(Closure), 'frontend')
#26 /home/xgenxchi/public_html/laravel/neateller/@core/vendor/laravel/framework/src/Illuminate/Routing/Middleware/SubstituteBindings.php(50): Illuminate\\Pipeline\\Pipeline->Illuminate\\Pipeline\\{closure}(Object(Illuminate\\Http\\Request))
#27 /home/xgenxchi/public_html/laravel/neateller/@core/vendor/laravel/framework/src/Illuminate/Pipeline/Pipeline.php(167): Illuminate\\Routing\\Middleware\\SubstituteBindings->handle(Object(Illuminate\\Http\\Request), Object(Closure))
#28 /home/xgenxchi/public_html/laravel/neateller/@core/vendor/laravel/framework/src/Illuminate/Foundation/Http/Middleware/VerifyCsrfToken.php(78): Illuminate\\Pipeline\\Pipeline->Illuminate\\Pipeline\\{closure}(Object(Illuminate\\Http\\Request))
#29 /home/xgenxchi/public_html/laravel/neateller/@core/vendor/laravel/framework/src/Illuminate/Pipeline/Pipeline.php(167): Illuminate\\Foundation\\Http\\Middleware\\VerifyCsrfToken->handle(Object(Illuminate\\Http\\Request), Object(Closure))
#30 /home/xgenxchi/public_html/laravel/neateller/@core/vendor/laravel/framework/src/Illuminate/View/Middleware/ShareErrorsFromSession.php(49): Illuminate\\Pipeline\\Pipeline->Illuminate\\Pipeline\\{closure}(Object(Illuminate\\Http\\Request))
#31 /home/xgenxchi/public_html/laravel/neateller/@core/vendor/laravel/framework/src/Illuminate/Pipeline/Pipeline.php(167): Illuminate\\View\\Middleware\\ShareErrorsFromSession->handle(Object(Illuminate\\Http\\Request), Object(Closure))
#32 /home/xgenxchi/public_html/laravel/neateller/@core/vendor/laravel/framework/src/Illuminate/Session/Middleware/StartSession.php(121): Illuminate\\Pipeline\\Pipeline->Illuminate\\Pipeline\\{closure}(Object(Illuminate\\Http\\Request))
#33 /home/xgenxchi/public_html/laravel/neateller/@core/vendor/laravel/framework/src/Illuminate/Session/Middleware/StartSession.php(64): Illuminate\\Session\\Middleware\\StartSession->handleStatefulRequest(Object(Illuminate\\Http\\Request), Object(Illuminate\\Session\\Store), Object(Closure))
#34 /home/xgenxchi/public_html/laravel/neateller/@core/vendor/laravel/framework/src/Illuminate/Pipeline/Pipeline.php(167): Illuminate\\Session\\Middleware\\StartSession->handle(Object(Illuminate\\Http\\Request), Object(Closure))
#35 /home/xgenxchi/public_html/laravel/neateller/@core/vendor/laravel/framework/src/Illuminate/Cookie/Middleware/AddQueuedCookiesToResponse.php(37): Illuminate\\Pipeline\\Pipeline->Illuminate\\Pipeline\\{closure}(Object(Illuminate\\Http\\Request))
#36 /home/xgenxchi/public_html/laravel/neateller/@core/vendor/laravel/framework/src/Illuminate/Pipeline/Pipeline.php(167): Illuminate\\Cookie\\Middleware\\AddQueuedCookiesToResponse->handle(Object(Illuminate\\Http\\Request), Object(Closure))
#37 /home/xgenxchi/public_html/laravel/neateller/@core/vendor/laravel/framework/src/Illuminate/Cookie/Middleware/EncryptCookies.php(67): Illuminate\\Pipeline\\Pipeline->Illuminate\\Pipeline\\{closure}(Object(Illuminate\\Http\\Request))
#38 /home/xgenxchi/public_html/laravel/neateller/@core/vendor/laravel/framework/src/Illuminate/Pipeline/Pipeline.php(167): Illuminate\\Cookie\\Middleware\\EncryptCookies->handle(Object(Illuminate\\Http\\Request), Object(Closure))
#39 /home/xgenxchi/public_html/laravel/neateller/@core/vendor/laravel/framework/src/Illuminate/Pipeline/Pipeline.php(103): Illuminate\\Pipeline\\Pipeline->Illuminate\\Pipeline\\{closure}(Object(Illuminate\\Http\\Request))
#40 /home/xgenxchi/public_html/laravel/neateller/@core/vendor/laravel/framework/src/Illuminate/Routing/Router.php(697): Illuminate\\Pipeline\\Pipeline->then(Object(Closure))
#41 /home/xgenxchi/public_html/laravel/neateller/@core/vendor/laravel/framework/src/Illuminate/Routing/Router.php(672): Illuminate\\Routing\\Router->runRouteWithinStack(Object(Illuminate\\Routing\\Route), Object(Illuminate\\Http\\Request))
#42 /home/xgenxchi/public_html/laravel/neateller/@core/vendor/laravel/framework/src/Illuminate/Routing/Router.php(636): Illuminate\\Routing\\Router->runRoute(Object(Illuminate\\Http\\Request), Object(Illuminate\\Routing\\Route))
#43 /home/xgenxchi/public_html/laravel/neateller/@core/vendor/laravel/framework/src/Illuminate/Routing/Router.php(625): Illuminate\\Routing\\Router->dispatchToRoute(Object(Illuminate\\Http\\Request))
#44 /home/xgenxchi/public_html/laravel/neateller/@core/vendor/laravel/framework/src/Illuminate/Foundation/Http/Kernel.php(166): Illuminate\\Routing\\Router->dispatch(Object(Illuminate\\Http\\Request))
#45 /home/xgenxchi/public_html/laravel/neateller/@core/vendor/laravel/framework/src/Illuminate/Pipeline/Pipeline.php(128): Illuminate\\Foundation\\Http\\Kernel->Illuminate\\Foundation\\Http\\{closure}(Object(Illuminate\\Http\\Request))
#46 /home/xgenxchi/public_html/laravel/neateller/@core/vendor/laravel/framework/src/Illuminate/Foundation/Http/Middleware/TransformsRequest.php(21): Illuminate\\Pipeline\\Pipeline->Illuminate\\Pipeline\\{closure}(Object(Illuminate\\Http\\Request))
#47 /home/xgenxchi/public_html/laravel/neateller/@core/vendor/laravel/framework/src/Illuminate/Foundation/Http/Middleware/ConvertEmptyStringsToNull.php(31): Illuminate\\Foundation\\Http\\Middleware\\TransformsRequest->handle(Object(Illuminate\\Http\\Request), Object(Closure))
#48 /home/xgenxchi/public_html/laravel/neateller/@core/vendor/laravel/framework/src/Illuminate/Pipeline/Pipeline.php(167): Illuminate\\Foundation\\Http\\Middleware\\ConvertEmptyStringsToNull->handle(Object(Illuminate\\Http\\Request), Object(Closure))
#49 /home/xgenxchi/public_html/laravel/neateller/@core/vendor/laravel/framework/src/Illuminate/Foundation/Http/Middleware/TransformsRequest.php(21): Illuminate\\Pipeline\\Pipeline->Illuminate\\Pipeline\\{closure}(Object(Illuminate\\Http\\Request))
#50 /home/xgenxchi/public_html/laravel/neateller/@core/vendor/laravel/framework/src/Illuminate/Foundation/Http/Middleware/TrimStrings.php(40): Illuminate\\Foundation\\Http\\Middleware\\TransformsRequest->handle(Object(Illuminate\\Http\\Request), Object(Closure))
#51 /home/xgenxchi/public_html/laravel/neateller/@core/vendor/laravel/framework/src/Illuminate/Pipeline/Pipeline.php(167): Illuminate\\Foundation\\Http\\Middleware\\TrimStrings->handle(Object(Illuminate\\Http\\Request), Object(Closure))
#52 /home/xgenxchi/public_html/laravel/neateller/@core/vendor/laravel/framework/src/Illuminate/Foundation/Http/Middleware/ValidatePostSize.php(27): Illuminate\\Pipeline\\Pipeline->Illuminate\\Pipeline\\{closure}(Object(Illuminate\\Http\\Request))
#53 /home/xgenxchi/public_html/laravel/neateller/@core/vendor/laravel/framework/src/Illuminate/Pipeline/Pipeline.php(167): Illuminate\\Foundation\\Http\\Middleware\\ValidatePostSize->handle(Object(Illuminate\\Http\\Request), Object(Closure))
#54 /home/xgenxchi/public_html/laravel/neateller/@core/vendor/laravel/framework/src/Illuminate/Foundation/Http/Middleware/PreventRequestsDuringMaintenance.php(86): Illuminate\\Pipeline\\Pipeline->Illuminate\\Pipeline\\{closure}(Object(Illuminate\\Http\\Request))
#55 /home/xgenxchi/public_html/laravel/neateller/@core/vendor/laravel/framework/src/Illuminate/Pipeline/Pipeline.php(167): Illuminate\\Foundation\\Http\\Middleware\\PreventRequestsDuringMaintenance->handle(Object(Illuminate\\Http\\Request), Object(Closure))
#56 /home/xgenxchi/public_html/laravel/neateller/@core/vendor/fideloper/proxy/src/TrustProxies.php(57): Illuminate\\Pipeline\\Pipeline->Illuminate\\Pipeline\\{closure}(Object(Illuminate\\Http\\Request))
#57 /home/xgenxchi/public_html/laravel/neateller/@core/vendor/laravel/framework/src/Illuminate/Pipeline/Pipeline.php(167): Fideloper\\Proxy\\TrustProxies->handle(Object(Illuminate\\Http\\Request), Object(Closure))
#58 /home/xgenxchi/public_html/laravel/neateller/@core/vendor/laravel/framework/src/Illuminate/Pipeline/Pipeline.php(103): Illuminate\\Pipeline\\Pipeline->Illuminate\\Pipeline\\{closure}(Object(Illuminate\\Http\\Request))
#59 /home/xgenxchi/public_html/laravel/neateller/@core/vendor/laravel/framework/src/Illuminate/Foundation/Http/Kernel.php(141): Illuminate\\Pipeline\\Pipeline->then(Object(Closure))
#60 /home/xgenxchi/public_html/laravel/neateller/@core/vendor/laravel/framework/src/Illuminate/Foundation/Http/Kernel.php(110): Illuminate\\Foundation\\Http\\Kernel->sendRequestThroughRouter(Object(Illuminate\\Http\\Request))
#61 /home/xgenxchi/public_html/laravel/neateller/index.php(72): Illuminate\\Foundation\\Http\\Kernel->handle(Object(Illuminate\\Http\\Request))
#62 {main}
"} 
